[     219ms] [INFO] %cDownload the React DevTools for a better development experience: https://react.dev/link/react-devtools font-weight:bold @ http://localhost:3000/_next/static/chunks/node_modules_next_dist_115brz8._.js:2431
[     312ms] [LOG] [HMR] connected @ http://localhost:3000/_next/static/chunks/node_modules_next_dist_115brz8._.js:2431
[     428ms] [WARNING] Image with src "http://localhost:3000/vercel.svg" has either width or height modified, but not the other. If you use CSS to change the size of your image, also include the styles 'width: "auto"' or 'height: "auto"' to maintain the aspect ratio. @ http://localhost:3000/_next/static/chunks/node_modules_next_dist_115brz8._.js:2431
[   10109ms] [ERROR] Base UI: A component that acts as a button expected a native <button> because the `nativeButton` prop is true. Rendering a non-<button> removes native button semantics, which can impact forms and accessibility. Use a real <button> in the `render` prop, or set `nativeButton` to `false`.
    at SheetClose (http://localhost:3000/_next/static/chunks/_0~80kd8._.js:2382:216)
    at NavbarMobile (http://localhost:3000/_next/static/chunks/_0~80kd8._.js:2886:225)
    at Navbar (about://React/Server/C:%5CWeb%20shit%5CBidding-Platform%5C.next%5Cdev%5Cserver%5Cchunks%5Cssr%5C_0b7i_em._.js?47:138:268)
    at PublicLayout (about://React/Server/C:%5CWeb%20shit%5CBidding-Platform%5C.next%5Cdev%5Cserver%5Cchunks%5Cssr%5C_0b7i_em._.js?0:467:264) @ http://localhost:3000/_next/static/chunks/node_modules_next_dist_115brz8._.js:3272
[   10110ms] [ERROR] Base UI: A component that acts as a button expected a native <button> because the `nativeButton` prop is true. Rendering a non-<button> removes native button semantics, which can impact forms and accessibility. Use a real <button> in the `render` prop, or set `nativeButton` to `false`.
    at SheetClose (http://localhost:3000/_next/static/chunks/_0~80kd8._.js:2382:216)
    at NavbarMobile (http://localhost:3000/_next/static/chunks/_0~80kd8._.js:2983:216)
    at Navbar (about://React/Server/C:%5CWeb%20shit%5CBidding-Platform%5C.next%5Cdev%5Cserver%5Cchunks%5Cssr%5C_0b7i_em._.js?47:138:268)
    at PublicLayout (about://React/Server/C:%5CWeb%20shit%5CBidding-Platform%5C.next%5Cdev%5Cserver%5Cchunks%5Cssr%5C_0b7i_em._.js?0:467:264) @ http://localhost:3000/_next/static/chunks/node_modules_next_dist_115brz8._.js:3272
[   10111ms] [ERROR] Base UI: A component that acts as a button expected a native <button> because the `nativeButton` prop is true. Rendering a non-<button> removes native button semantics, which can impact forms and accessibility. Use a real <button> in the `render` prop, or set `nativeButton` to `false`.
    at SheetClose (http://localhost:3000/_next/static/chunks/_0~80kd8._.js:2382:216)
    at NavbarMobile (http://localhost:3000/_next/static/chunks/_0~80kd8._.js:3004:216)
    at Navbar (about://React/Server/C:%5CWeb%20shit%5CBidding-Platform%5C.next%5Cdev%5Cserver%5Cchunks%5Cssr%5C_0b7i_em._.js?47:138:268)
    at PublicLayout (about://React/Server/C:%5CWeb%20shit%5CBidding-Platform%5C.next%5Cdev%5Cserver%5Cchunks%5Cssr%5C_0b7i_em._.js?0:467:264) @ http://localhost:3000/_next/static/chunks/node_modules_next_dist_115brz8._.js:3272
[   10113ms] [ERROR] Base UI: A component that acts as a button expected a native <button> because the `nativeButton` prop is true. Rendering a non-<button> removes native button semantics, which can impact forms and accessibility. Use a real <button> in the `render` prop, or set `nativeButton` to `false`.
    at SheetClose (http://localhost:3000/_next/static/chunks/_0~80kd8._.js:2382:216)
    at NavbarMobile (http://localhost:3000/_next/static/chunks/_0~80kd8._.js:3031:219)
    at Navbar (about://React/Server/C:%5CWeb%20shit%5CBidding-Platform%5C.next%5Cdev%5Cserver%5Cchunks%5Cssr%5C_0b7i_em._.js?47:138:268)
    at PublicLayout (about://React/Server/C:%5CWeb%20shit%5CBidding-Platform%5C.next%5Cdev%5Cserver%5Cchunks%5Cssr%5C_0b7i_em._.js?0:467:264) @ http://localhost:3000/_next/static/chunks/node_modules_next_dist_115brz8._.js:3272
[   10114ms] [ERROR] Base UI: A component that acts as a button expected a native <button> because the `nativeButton` prop is true. Rendering a non-<button> removes native button semantics, which can impact forms and accessibility. Use a real <button> in the `render` prop, or set `nativeButton` to `false`.
    at SheetClose (http://localhost:3000/_next/static/chunks/_0~80kd8._.js:2382:216)
    at NavbarMobile (http://localhost:3000/_next/static/chunks/_0~80kd8._.js:3219:231)
    at Navbar (about://React/Server/C:%5CWeb%20shit%5CBidding-Platform%5C.next%5Cdev%5Cserver%5Cchunks%5Cssr%5C_0b7i_em._.js?47:138:268)
    at PublicLayout (about://React/Server/C:%5CWeb%20shit%5CBidding-Platform%5C.next%5Cdev%5Cserver%5Cchunks%5Cssr%5C_0b7i_em._.js?0:467:264) @ http://localhost:3000/_next/static/chunks/node_modules_next_dist_115brz8._.js:3272
[   10115ms] [ERROR] Base UI: A component that acts as a button expected a native <button> because the `nativeButton` prop is true. Rendering a non-<button> removes native button semantics, which can impact forms and accessibility. Use a real <button> in the `render` prop, or set `nativeButton` to `false`.
    at SheetClose (http://localhost:3000/_next/static/chunks/_0~80kd8._.js:2382:216)
    at NavbarMobile (http://localhost:3000/_next/static/chunks/_0~80kd8._.js:3237:231)
    at Navbar (about://React/Server/C:%5CWeb%20shit%5CBidding-Platform%5C.next%5Cdev%5Cserver%5Cchunks%5Cssr%5C_0b7i_em._.js?47:138:268)
    at PublicLayout (about://React/Server/C:%5CWeb%20shit%5CBidding-Platform%5C.next%5Cdev%5Cserver%5Cchunks%5Cssr%5C_0b7i_em._.js?0:467:264) @ http://localhost:3000/_next/static/chunks/node_modules_next_dist_115brz8._.js:3272
[   10258ms] [LOG] [Fast Refresh] rebuilding @ http://localhost:3000/_next/static/chunks/node_modules_next_dist_115brz8._.js:2431
[   10266ms] [LOG] [Fast Refresh] done in 108ms @ http://localhost:3000/_next/static/chunks/node_modules_next_dist_115brz8._.js:2431
[   38070ms] [LOG] [Fast Refresh] rebuilding @ http://localhost:3000/_next/static/chunks/node_modules_next_dist_115brz8._.js:2431
[   38296ms] [LOG] [Fast Refresh] done in 244ms @ http://localhost:3000/_next/static/chunks/node_modules_next_dist_115brz8._.js:2431
[   38403ms] [LOG] [Fast Refresh] rebuilding @ http://localhost:3000/_next/static/chunks/node_modules_next_dist_115brz8._.js:2431
[   38471ms] [LOG] [Fast Refresh] done in 171ms @ http://localhost:3000/_next/static/chunks/node_modules_next_dist_115brz8._.js:2431
[   38901ms] [LOG] [Fast Refresh] rebuilding @ http://localhost:3000/_next/static/chunks/node_modules_next_dist_115brz8._.js:2431
[   38961ms] [LOG] [Fast Refresh] done in 162ms @ http://localhost:3000/_next/static/chunks/node_modules_next_dist_115brz8._.js:2431
[   44994ms] [LOG] [Fast Refresh] rebuilding @ http://localhost:3000/_next/static/chunks/node_modules_next_dist_115brz8._.js:2431
[   45135ms] [LOG] [Fast Refresh] done in 178ms @ http://localhost:3000/_next/static/chunks/node_modules_next_dist_115brz8._.js:2431
[   45238ms] [LOG] [Fast Refresh] rebuilding @ http://localhost:3000/_next/static/chunks/node_modules_next_dist_115brz8._.js:2431
[   45312ms] [LOG] [Fast Refresh] done in 176ms @ http://localhost:3000/_next/static/chunks/node_modules_next_dist_115brz8._.js:2431
[   45501ms] [LOG] [Fast Refresh] rebuilding @ http://localhost:3000/_next/static/chunks/node_modules_next_dist_115brz8._.js:2431
[   45590ms] [LOG] [Fast Refresh] done in 194ms @ http://localhost:3000/_next/static/chunks/node_modules_next_dist_115brz8._.js:2431
[   53538ms] [LOG] [Fast Refresh] rebuilding @ http://localhost:3000/_next/static/chunks/node_modules_next_dist_115brz8._.js:2431
[   53621ms] [LOG] [Fast Refresh] done in 118ms @ http://localhost:3000/_next/static/chunks/node_modules_next_dist_115brz8._.js:2431
[   53739ms] [LOG] [Fast Refresh] rebuilding @ http://localhost:3000/_next/static/chunks/node_modules_next_dist_115brz8._.js:2431
[   53772ms] [LOG] [Fast Refresh] done in 141ms @ http://localhost:3000/_next/static/chunks/node_modules_next_dist_115brz8._.js:2431
[   53969ms] [LOG] [Fast Refresh] rebuilding @ http://localhost:3000/_next/static/chunks/node_modules_next_dist_115brz8._.js:2431
[   54005ms] [LOG] [Fast Refresh] done in 152ms @ http://localhost:3000/_next/static/chunks/node_modules_next_dist_115brz8._.js:2431
[   57956ms] [LOG] [Fast Refresh] rebuilding @ http://localhost:3000/_next/static/chunks/node_modules_next_dist_115brz8._.js:2431
[   57975ms] [LOG] [Fast Refresh] done in 99ms @ http://localhost:3000/_next/static/chunks/node_modules_next_dist_115brz8._.js:2431
[   58164ms] [LOG] [Fast Refresh] rebuilding @ http://localhost:3000/_next/static/chunks/node_modules_next_dist_115brz8._.js:2431
[   58201ms] [LOG] [Fast Refresh] done in 138ms @ http://localhost:3000/_next/static/chunks/node_modules_next_dist_115brz8._.js:2431
[   58376ms] [LOG] [Fast Refresh] rebuilding @ http://localhost:3000/_next/static/chunks/node_modules_next_dist_115brz8._.js:2431
[   58442ms] [LOG] [Fast Refresh] done in 172ms @ http://localhost:3000/_next/static/chunks/node_modules_next_dist_115brz8._.js:2431
